<?xml version="1.0" encoding="UTF-8"?>
<!-- Generated by org.testng.reporters.JUnitXMLReporter -->
<testsuite ignored="5" hostname="DESKTOP-RRBKSRC" failures="1" tests="3" name="Regression" time="0.094" errors="0" timestamp="2024-03-18T20:36:40 IST">
  <testcase classname="test.First" name="mobileLogin" time="0.01"/>
  <testcase classname="test.Second" name="cow" time="0.002"/>
  <testcase classname="test.Third" name="smokeFirst" time="0.0">
    <failure type="org.testng.TestNGException" message="
Parameter &amp;apos;URL&amp;apos; is required by @Test on method smokeFirst but has not been marked @Optional or defined
in C:\Users\91988\eclipse-workspace\TestNgFirst\testng3.xml">
      <![CDATA[org.testng.TestNGException: 
Parameter 'URL' is required by @Test on method smokeFirst but has not been marked @Optional or defined
in C:\Users\91988\eclipse-workspace\TestNgFirst\testng3.xml
at java.base/java.util.ArrayList.forEach(ArrayList.java:1511)
... Removed 26 stack frames]]>
    </failure>
  </testcase> <!-- smokeFirst -->
  <testcase classname="test.Third" name="login" time="0.0">
    <ignored/>
  </testcase> <!-- login -->
  <testcase classname="test.Second" name="mobilecats" time="0.0">
    <ignored/>
  </testcase> <!-- mobilecats -->
  <testcase classname="test.Second" name="mobiledogs" time="0.0">
    <ignored/>
  </testcase> <!-- mobiledogs -->
  <testcase classname="test.First" name="generalLogin" time="0.0">
    <ignored/>
  </testcase> <!-- generalLogin -->
  <testcase classname="test.First" name="netBanking" time="0.0">
    <ignored/>
  </testcase> <!-- netBanking -->
</testsuite> <!-- Regression -->
